#
# There is insufficient memory for the Java Runtime Environment to continue.
# Native memory allocation (mmap) failed to map 65536 bytes. Error detail: Failed to commit metaspace.
# Possible reasons:
#   The system is out of physical RAM or swap space
#   This process is running with CompressedOops enabled, and the Java Heap may be blocking the growth of the native heap
# Possible solutions:
#   Reduce memory load on the system
#   Increase physical memory or swap space
#   Check if swap backing store is full
#   Decrease Java heap size (-Xmx/-Xms)
#   Decrease number of Java threads
#   Decrease Java thread stack sizes (-Xss)
#   Set larger code cache with -XX:ReservedCodeCacheSize=
#   JVM is running with Unscaled Compressed Oops mode in which the Java heap is
#     placed in the first 4GB address space. The Java Heap base address is the
#     maximum limit for the native heap growth. Please use -XX:HeapBaseMinAddress
#     to set the Java Heap base and to place the Java Heap above 4GB virtual address.
# This output file may be truncated or incomplete.
#
#  Out of Memory Error (virtualSpaceNode.cpp:113), pid=17220, tid=11256
#
# JRE version: OpenJDK Runtime Environment JBR-21.0.9+1-1163.86-jcef (21.0.9+1) (build 21.0.9+1-b1163.86)
# Java VM: OpenJDK 64-Bit Server VM JBR-21.0.9+1-1163.86-jcef (21.0.9+1-b1163.86, mixed mode, tiered, compressed oops, compressed class ptrs, g1 gc, windows-amd64)
# No core dump will be written. Minidumps are not enabled by default on client versions of Windows
#

---------------  S U M M A R Y ------------

Command Line: -Djava.rmi.server.hostname=127.0.0.1 -Duser.timezone=UTC -Xmx2048m -Xms128m --add-exports=java.desktop/sun.awt=ALL-UNNAMED --add-exports=java.desktop/java.awt.peer=ALL-UNNAMED --add-opens=java.desktop/java.awt=ALL-UNNAMED --add-opens=jdk.unsupported/sun.misc=ALL-UNNAMED --add-opens=java.base/java.nio=ALL-UNNAMED --add-opens=java.base/java.util=ALL-UNNAMED -Dfile.encoding=UTF-8 -Dsun.stdout.encoding=UTF-8 -Dsun.stderr.encoding=UTF-8 com.intellij.database.remote.RemoteJdbcServer com.mysql.cj.jdbc.Driver

Host: Intel(R) Core(TM) i5-8350U CPU @ 1.70GHz, 8 cores, 15G,  Windows 11 , 64 bit Build 26100 (10.0.26100.7309)
Time: Wed Dec 24 23:11:16 2025 Paris, Madrid elapsed time: 0.316744 seconds (0d 0h 0m 0s)

---------------  T H R E A D  ---------------

Current thread (0x000001e11cefc090):  JavaThread "main"             [_thread_in_vm, id=11256, stack(0x0000000dbfb00000,0x0000000dbfc00000) (1024K)]

Stack: [0x0000000dbfb00000,0x0000000dbfc00000]
Native frames: (J=compiled Java code, j=interpreted, Vv=VM code, C=native code)
V  [jvm.dll+0x6ec339]
V  [jvm.dll+0x8cc463]
V  [jvm.dll+0x8cea7e]
V  [jvm.dll+0x8cf163]
V  [jvm.dll+0x28b006]
V  [jvm.dll+0x8c728e]
V  [jvm.dll+0x68cb35]
V  [jvm.dll+0x68cb9a]
V  [jvm.dll+0x68f3b6]
V  [jvm.dll+0x68f282]
V  [jvm.dll+0x68d4ee]
V  [jvm.dll+0x697947]
V  [jvm.dll+0x21e84c]
V  [jvm.dll+0x21ed95]
V  [jvm.dll+0x21f776]
V  [jvm.dll+0x21472a]
V  [jvm.dll+0x5c9a15]
V  [jvm.dll+0x22624c]
V  [jvm.dll+0x84337c]
V  [jvm.dll+0x844412]
V  [jvm.dll+0x8449d4]
V  [jvm.dll+0x48aa4b]
C  [java.dll+0x1a2d]

Java frames: (J=compiled Java code, j=interpreted, Vv=VM code)
j  java.lang.ClassLoader.findBootstrapClass(Ljava/lang/String;)Ljava/lang/Class;+0 java.base@21.0.9
j  java.lang.ClassLoader.findBootstrapClassOrNull(Ljava/lang/String;)Ljava/lang/Class;+10 java.base@21.0.9
j  java.lang.System$2.findBootstrapClassOrNull(Ljava/lang/String;)Ljava/lang/Class;+1 java.base@21.0.9
j  jdk.internal.loader.ClassLoaders$BootClassLoader.loadClassOrNull(Ljava/lang/String;Z)Ljava/lang/Class;+4 java.base@21.0.9
j  jdk.internal.loader.BuiltinClassLoader.loadClassOrNull(Ljava/lang/String;)Ljava/lang/Class;+3 java.base@21.0.9
j  jdk.internal.loader.BuiltinClassLoader.loadClassOrNull(Ljava/lang/String;Z)Ljava/lang/Class;+66 java.base@21.0.9
j  jdk.internal.loader.BuiltinClassLoader.loadClass(Ljava/lang/String;Z)Ljava/lang/Class;+3 java.base@21.0.9
j  jdk.internal.loader.ClassLoaders$AppClassLoader.loadClass(Ljava/lang/String;Z)Ljava/lang/Class;+36 java.base@21.0.9
j  java.lang.ClassLoader.loadClass(Ljava/lang/String;)Ljava/lang/Class;+3 java.base@21.0.9
v  ~StubRoutines::call_stub 0x000001e12848100d
j  com.intellij.execution.rmi.RemoteServer.<clinit>()V+3
v  ~StubRoutines::call_stub 0x000001e12848100d

---------------  P R O C E S S  ---------------

Threads class SMR info:
_java_thread_list=0x000001e1358c7410, length=12, elements={
0x000001e11cefc090, 0x000001e1356bb460, 0x000001e1356dcd60, 0x000001e1356de330,
0x000001e135709b50, 0x000001e1356f7e80, 0x000001e1356f9450, 0x000001e1356fb1c0,
0x000001e1356ff640, 0x000001e135713a90, 0x000001e1358c11c0, 0x000001e13597bdb0
}

Java Threads: ( => current thread )
=>0x000001e11cefc090 JavaThread "main"                              [_thread_in_vm, id=11256, stack(0x0000000dbfb00000,0x0000000dbfc00000) (1024K)]
  0x000001e1356bb460 JavaThread "Common-Cleaner"             daemon [_thread_blocked, id=5964, stack(0x0000000dc0300000,0x0000000dc0400000) (1024K)]
  0x000001e1356dcd60 JavaThread "Reference Handler"          daemon [_thread_blocked, id=9712, stack(0x0000000dc0400000,0x0000000dc0500000) (1024K)]
  0x000001e1356de330 JavaThread "Finalizer"                  daemon [_thread_blocked, id=4812, stack(0x0000000dc0500000,0x0000000dc0600000) (1024K)]
  0x000001e135709b50 JavaThread "Signal Dispatcher"          daemon [_thread_blocked, id=9260, stack(0x0000000dc0600000,0x0000000dc0700000) (1024K)]
  0x000001e1356f7e80 JavaThread "Attach Listener"            daemon [_thread_blocked, id=4300, stack(0x0000000dc0700000,0x0000000dc0800000) (1024K)]
  0x000001e1356f9450 JavaThread "Service Thread"             daemon [_thread_blocked, id=1768, stack(0x0000000dc0800000,0x0000000dc0900000) (1024K)]
  0x000001e1356fb1c0 JavaThread "Monitor Deflation Thread"   daemon [_thread_blocked, id=5532, stack(0x0000000dc0900000,0x0000000dc0a00000) (1024K)]
  0x000001e1356ff640 JavaThread "C2 CompilerThread0"         daemon [_thread_blocked, id=2012, stack(0x0000000dc0a00000,0x0000000dc0b00000) (1024K)]
  0x000001e135713a90 JavaThread "C1 CompilerThread0"         daemon [_thread_blocked, id=16720, stack(0x0000000dc0b00000,0x0000000dc0c00000) (1024K)]
  0x000001e1358c11c0 JavaThread "Notification Thread"        daemon [_thread_blocked, id=15536, stack(0x0000000dc0c00000,0x0000000dc0d00000) (1024K)]
  0x000001e13597bdb0 JavaThread "C2 CompilerThread1"         daemon [_thread_blocked, id=9964, stack(0x0000000dc0d00000,0x0000000dc0e00000) (1024K)]
Total: 12

Other Threads:
  0x000001e135678350 VMThread "VM Thread"                           [id=5372, stack(0x0000000dc0200000,0x0000000dc0300000) (1024K)]
  0x000001e1354c67e0 WatcherThread "VM Periodic Task Thread"        [id=7532, stack(0x0000000dc0100000,0x0000000dc0200000) (1024K)]
  0x000001e11cf55500 WorkerThread "GC Thread#0"                     [id=16792, stack(0x0000000dbfc00000,0x0000000dbfd00000) (1024K)]
  0x000001e11cf663f0 ConcurrentGCThread "G1 Main Marker"            [id=8432, stack(0x0000000dbfd00000,0x0000000dbfe00000) (1024K)]
  0x000001e11cf67c80 WorkerThread "G1 Conc#0"                       [id=16680, stack(0x0000000dbfe00000,0x0000000dbff00000) (1024K)]
  0x000001e135389060 ConcurrentGCThread "G1 Refine#0"               [id=16836, stack(0x0000000dbff00000,0x0000000dc0000000) (1024K)]
  0x000001e135389980 ConcurrentGCThread "G1 Service"                [id=8, stack(0x0000000dc0000000,0x0000000dc0100000) (1024K)]
Total: 7

Threads with active compile tasks:
Total: 0

VM state: not at safepoint (normal execution)

VM Mutex/Monitor currently owned by a thread:  ([mutex/lock_event])
[0x00007ffaa35e7b30] Metaspace_lock - owner thread: 0x000001e11cefc090

Heap address: 0x0000000080000000, size: 2048 MB, Compressed Oops mode: 32-bit

CDS archive(s) not mapped
Compressed class space mapped at: 0x0000000100000000-0x0000000140000000, reserved size: 1073741824
Narrow klass base: 0x0000000000000000, Narrow klass shift: 3, Narrow klass range: 0x140000000

GC Precious Log:
 CardTable entry size: 512
 Card Set container configuration: InlinePtr #cards 5 size 8 Array Of Cards #cards 12 size 40 Howl #buckets 4 coarsen threshold 1843 Howl Bitmap #cards 512 size 80 coarsen threshold 460 Card regions per heap region 1 cards per card region 2048
 CPUs: 8 total, 8 available
 Memory: 16227M
 Large Page Support: Disabled
 NUMA Support: Disabled
 Compressed Oops: Enabled (32-bit)
 Heap Region Size: 1M
 Heap Min Capacity: 128M
 Heap Initial Capacity: 128M
 Heap Max Capacity: 2G
 Pre-touch: Disabled
 Parallel Workers: 8
 Concurrent Workers: 2
 Concurrent Refinement Workers: 8
 Periodic GC: Disabled

Heap:
 garbage-first heap   total 131072K, used 3072K [0x0000000080000000, 0x0000000100000000)
  region size 1024K, 3 young (3072K), 0 survivors (0K)
 Metaspace       used 6870K, committed 6976K, reserved 1114112K
  class space    used 556K, committed 640K, reserved 1048576K

Heap Regions: E=young(eden), S=young(survivor), O=old, HS=humongous(starts), HC=humongous(continues), CS=collection set, F=free, TAMS=top-at-mark-start, PB=parsable bottom
|   0|0x0000000080000000, 0x0000000080100000, 0x0000000080100000|100%|HS|  |TAMS 0x0000000080000000| PB 0x0000000080000000| Complete 
|   1|0x0000000080100000, 0x0000000080100000, 0x0000000080200000|  0%| F|  |TAMS 0x0000000080100000| PB 0x0000000080100000| Untracked 
|   2|0x0000000080200000, 0x0000000080200000, 0x0000000080300000|  0%| F|  |TAMS 0x0000000080200000| PB 0x0000000080200000| Untracked 
|   3|0x0000000080300000, 0x0000000080300000, 0x0000000080400000|  0%| F|  |TAMS 0x0000000080300000| PB 0x0000000080300000| Untracked 
|   4|0x0000000080400000, 0x0000000080400000, 0x0000000080500000|  0%| F|  |TAMS 0x0000000080400000| PB 0x0000000080400000| Untracked 
|   5|0x0000000080500000, 0x0000000080500000, 0x0000000080600000|  0%| F|  |TAMS 0x0000000080500000| PB 0x0000000080500000| Untracked 
|   6|0x0000000080600000, 0x0000000080600000, 0x0000000080700000|  0%| F|  |TAMS 0x0000000080600000| PB 0x0000000080600000| Untracked 
|   7|0x0000000080700000, 0x0000000080700000, 0x0000000080800000|  0%| F|  |TAMS 0x0000000080700000| PB 0x0000000080700000| Untracked 
|   8|0x0000000080800000, 0x0000000080800000, 0x0000000080900000|  0%| F|  |TAMS 0x0000000080800000| PB 0x0000000080800000| Untracked 
|   9|0x0000000080900000, 0x0000000080900000, 0x0000000080a00000|  0%| F|  |TAMS 0x0000000080900000| PB 0x0000000080900000| Untracked 
|  10|0x0000000080a00000, 0x0000000080a00000, 0x0000000080b00000|  0%| F|  |TAMS 0x0000000080a00000| PB 0x0000000080a00000| Untracked 
|  11|0x0000000080b00000, 0x0000000080b00000, 0x0000000080c00000|  0%| F|  |TAMS 0x0000000080b00000| PB 0x0000000080b00000| Untracked 
|  12|0x0000000080c00000, 0x0000000080c00000, 0x0000000080d00000|  0%| F|  |TAMS 0x0000000080c00000| PB 0x0000000080c00000| Untracked 
|  13|0x0000000080d00000, 0x0000000080d00000, 0x0000000080e00000|  0%| F|  |TAMS 0x0000000080d00000| PB 0x0000000080d00000| Untracked 
|  14|0x0000000080e00000, 0x0000000080e00000, 0x0000000080f00000|  0%| F|  |TAMS 0x0000000080e00000| PB 0x0000000080e00000| Untracked 
|  15|0x0000000080f00000, 0x0000000080f00000, 0x0000000081000000|  0%| F|  |TAMS 0x0000000080f00000| PB 0x0000000080f00000| Untracked 
|  16|0x0000000081000000, 0x0000000081000000, 0x0000000081100000|  0%| F|  |TAMS 0x0000000081000000| PB 0x0000000081000000| Untracked 
|  17|0x0000000081100000, 0x0000000081100000, 0x0000000081200000|  0%| F|  |TAMS 0x0000000081100000| PB 0x0000000081100000| Untracked 
|  18|0x0000000081200000, 0x0000000081200000, 0x0000000081300000|  0%| F|  |TAMS 0x0000000081200000| PB 0x0000000081200000| Untracked 
|  19|0x0000000081300000, 0x0000000081300000, 0x0000000081400000|  0%| F|  |TAMS 0x0000000081300000| PB 0x0000000081300000| Untracked 
|  20|0x0000000081400000, 0x0000000081400000, 0x0000000081500000|  0%| F|  |TAMS 0x0000000081400000| PB 0x0000000081400000| Untracked 
|  21|0x0000000081500000, 0x0000000081500000, 0x0000000081600000|  0%| F|  |TAMS 0x0000000081500000| PB 0x0000000081500000| Untracked 
|  22|0x0000000081600000, 0x0000000081600000, 0x0000000081700000|  0%| F|  |TAMS 0x0000000081600000| PB 0x0000000081600000| Untracked 
|  23|0x0000000081700000, 0x0000000081700000, 0x0000000081800000|  0%| F|  |TAMS 0x0000000081700000| PB 0x0000000081700000| Untracked 
|  24|0x0000000081800000, 0x0000000081800000, 0x0000000081900000|  0%| F|  |TAMS 0x0000000081800000| PB 0x0000000081800000| Untracked 
|  25|0x0000000081900000, 0x0000000081900000, 0x0000000081a00000|  0%| F|  |TAMS 0x0000000081900000| PB 0x0000000081900000| Untracked 
|  26|0x0000000081a00000, 0x0000000081a00000, 0x0000000081b00000|  0%| F|  |TAMS 0x0000000081a00000| PB 0x0000000081a00000| Untracked 
|  27|0x0000000081b00000, 0x0000000081b00000, 0x0000000081c00000|  0%| F|  |TAMS 0x0000000081b00000| PB 0x0000000081b00000| Untracked 
|  28|0x0000000081c00000, 0x0000000081c00000, 0x0000000081d00000|  0%| F|  |TAMS 0x0000000081c00000| PB 0x0000000081c00000| Untracked 
|  29|0x0000000081d00000, 0x0000000081d00000, 0x0000000081e00000|  0%| F|  |TAMS 0x0000000081d00000| PB 0x0000000081d00000| Untracked 
|  30|0x0000000081e00000, 0x0000000081e00000, 0x0000000081f00000|  0%| F|  |TAMS 0x0000000081e00000| PB 0x0000000081e00000| Untracked 
|  31|0x0000000081f00000, 0x0000000081f00000, 0x0000000082000000|  0%| F|  |TAMS 0x0000000081f00000| PB 0x0000000081f00000| Untracked 
|  32|0x0000000082000000, 0x0000000082000000, 0x0000000082100000|  0%| F|  |TAMS 0x0000000082000000| PB 0x0000000082000000| Untracked 
|  33|0x0000000082100000, 0x0000000082100000, 0x0000000082200000|  0%| F|  |TAMS 0x0000000082100000| PB 0x0000000082100000| Untracked 
|  34|0x0000000082200000, 0x0000000082200000, 0x0000000082300000|  0%| F|  |TAMS 0x0000000082200000| PB 0x0000000082200000| Untracked 
|  35|0x0000000082300000, 0x0000000082300000, 0x0000000082400000|  0%| F|  |TAMS 0x0000000082300000| PB 0x0000000082300000| Untracked 
|  36|0x0000000082400000, 0x0000000082400000, 0x0000000082500000|  0%| F|  |TAMS 0x0000000082400000| PB 0x0000000082400000| Untracked 
|  37|0x0000000082500000, 0x0000000082500000, 0x0000000082600000|  0%| F|  |TAMS 0x0000000082500000| PB 0x0000000082500000| Untracked 
|  38|0x0000000082600000, 0x0000000082600000, 0x0000000082700000|  0%| F|  |TAMS 0x0000000082600000| PB 0x0000000082600000| Untracked 
|  39|0x0000000082700000, 0x0000000082700000, 0x0000000082800000|  0%| F|  |TAMS 0x0000000082700000| PB 0x0000000082700000| Untracked 
|  40|0x0000000082800000, 0x0000000082800000, 0x0000000082900000|  0%| F|  |TAMS 0x0000000082800000| PB 0x0000000082800000| Untracked 
|  41|0x0000000082900000, 0x0000000082900000, 0x0000000082a00000|  0%| F|  |TAMS 0x0000000082900000| PB 0x0000000082900000| Untracked 
|  42|0x0000000082a00000, 0x0000000082a00000, 0x0000000082b00000|  0%| F|  |TAMS 0x0000000082a00000| PB 0x0000000082a00000| Untracked 
|  43|0x0000000082b00000, 0x0000000082b00000, 0x0000000082c00000|  0%| F|  |TAMS 0x0000000082b00000| PB 0x0000000082b00000| Untracked 
|  44|0x0000000082c00000, 0x0000000082c00000, 0x0000000082d00000|  0%| F|  |TAMS 0x0000000082c00000| PB 0x0000000082c00000| Untracked 
|  45|0x0000000082d00000, 0x0000000082d00000, 0x0000000082e00000|  0%| F|  |TAMS 0x0000000082d00000| PB 0x0000000082d00000| Untracked 
|  46|0x0000000082e00000, 0x0000000082e00000, 0x0000000082f00000|  0%| F|  |TAMS 0x0000000082e00000| PB 0x0000000082e00000| Untracked 
|  47|0x0000000082f00000, 0x0000000082f00000, 0x0000000083000000|  0%| F|  |TAMS 0x0000000082f00000| PB 0x0000000082f00000| Untracked 
|  48|0x0000000083000000, 0x0000000083000000, 0x0000000083100000|  0%| F|  |TAMS 0x0000000083000000| PB 0x0000000083000000| Untracked 
|  49|0x0000000083100000, 0x0000000083100000, 0x0000000083200000|  0%| F|  |TAMS 0x0000000083100000| PB 0x0000000083100000| Untracked 
|  50|0x0000000083200000, 0x0000000083200000, 0x0000000083300000|  0%| F|  |TAMS 0x0000000083200000| PB 0x0000000083200000| Untracked 
|  51|0x0000000083300000, 0x0000000083300000, 0x0000000083400000|  0%| F|  |TAMS 0x0000000083300000| PB 0x0000000083300000| Untracked 
|  52|0x0000000083400000, 0x0000000083400000, 0x0000000083500000|  0%| F|  |TAMS 0x0000000083400000| PB 0x0000000083400000| Untracked 
|  53|0x0000000083500000, 0x0000000083500000, 0x0000000083600000|  0%| F|  |TAMS 0x0000000083500000| PB 0x0000000083500000| Untracked 
|  54|0x0000000083600000, 0x0000000083600000, 0x0000000083700000|  0%| F|  |TAMS 0x0000000083600000| PB 0x0000000083600000| Untracked 
|  55|0x0000000083700000, 0x0000000083700000, 0x0000000083800000|  0%| F|  |TAMS 0x0000000083700000| PB 0x0000000083700000| Untracked 
|  56|0x0000000083800000, 0x0000000083800000, 0x0000000083900000|  0%| F|  |TAMS 0x0000000083800000| PB 0x0000000083800000| Untracked 
|  57|0x0000000083900000, 0x0000000083900000, 0x0000000083a00000|  0%| F|  |TAMS 0x0000000083900000| PB 0x0000000083900000| Untracked 
|  58|0x0000000083a00000, 0x0000000083a00000, 0x0000000083b00000|  0%| F|  |TAMS 0x0000000083a00000| PB 0x0000000083a00000| Untracked 
|  59|0x0000000083b00000, 0x0000000083b00000, 0x0000000083c00000|  0%| F|  |TAMS 0x0000000083b00000| PB 0x0000000083b00000| Untracked 
|  60|0x0000000083c00000, 0x0000000083c00000, 0x0000000083d00000|  0%| F|  |TAMS 0x0000000083c00000| PB 0x0000000083c00000| Untracked 
|  61|0x0000000083d00000, 0x0000000083d00000, 0x0000000083e00000|  0%| F|  |TAMS 0x0000000083d00000| PB 0x0000000083d00000| Untracked 
|  62|0x0000000083e00000, 0x0000000083e00000, 0x0000000083f00000|  0%| F|  |TAMS 0x0000000083e00000| PB 0x0000000083e00000| Untracked 
|  63|0x0000000083f00000, 0x0000000083f00000, 0x0000000084000000|  0%| F|  |TAMS 0x0000000083f00000| PB 0x0000000083f00000| Untracked 
|  64|0x0000000084000000, 0x0000000084000000, 0x0000000084100000|  0%| F|  |TAMS 0x0000000084000000| PB 0x0000000084000000| Untracked 
|  65|0x0000000084100000, 0x0000000084100000, 0x0000000084200000|  0%| F|  |TAMS 0x0000000084100000| PB 0x0000000084100000| Untracked 
|  66|0x0000000084200000, 0x0000000084200000, 0x0000000084300000|  0%| F|  |TAMS 0x0000000084200000| PB 0x0000000084200000| Untracked 
|  67|0x0000000084300000, 0x0000000084300000, 0x0000000084400000|  0%| F|  |TAMS 0x0000000084300000| PB 0x0000000084300000| Untracked 
|  68|0x0000000084400000, 0x0000000084400000, 0x0000000084500000|  0%| F|  |TAMS 0x0000000084400000| PB 0x0000000084400000| Untracked 
|  69|0x0000000084500000, 0x0000000084500000, 0x0000000084600000|  0%| F|  |TAMS 0x0000000084500000| PB 0x0000000084500000| Untracked 
|  70|0x0000000084600000, 0x0000000084600000, 0x0000000084700000|  0%| F|  |TAMS 0x0000000084600000| PB 0x0000000084600000| Untracked 
|  71|0x0000000084700000, 0x0000000084700000, 0x0000000084800000|  0%| F|  |TAMS 0x0000000084700000| PB 0x0000000084700000| Untracked 
|  72|0x0000000084800000, 0x0000000084800000, 0x0000000084900000|  0%| F|  |TAMS 0x0000000084800000| PB 0x0000000084800000| Untracked 
|  73|0x0000000084900000, 0x0000000084900000, 0x0000000084a00000|  0%| F|  |TAMS 0x0000000084900000| PB 0x0000000084900000| Untracked 
|  74|0x0000000084a00000, 0x0000000084a00000, 0x0000000084b00000|  0%| F|  |TAMS 0x0000000084a00000| PB 0x0000000084a00000| Untracked 
|  75|0x0000000084b00000, 0x0000000084b00000, 0x0000000084c00000|  0%| F|  |TAMS 0x0000000084b00000| PB 0x0000000084b00000| Untracked 
|  76|0x0000000084c00000, 0x0000000084c00000, 0x0000000084d00000|  0%| F|  |TAMS 0x0000000084c00000| PB 0x0000000084c00000| Untracked 
|  77|0x0000000084d00000, 0x0000000084d00000, 0x0000000084e00000|  0%| F|  |TAMS 0x0000000084d00000| PB 0x0000000084d00000| Untracked 
|  78|0x0000000084e00000, 0x0000000084e00000, 0x0000000084f00000|  0%| F|  |TAMS 0x0000000084e00000| PB 0x0000000084e00000| Untracked 
|  79|0x0000000084f00000, 0x0000000084f00000, 0x0000000085000000|  0%| F|  |TAMS 0x0000000084f00000| PB 0x0000000084f00000| Untracked 
|  80|0x0000000085000000, 0x0000000085000000, 0x0000000085100000|  0%| F|  |TAMS 0x0000000085000000| PB 0x0000000085000000| Untracked 
|  81|0x0000000085100000, 0x0000000085100000, 0x0000000085200000|  0%| F|  |TAMS 0x0000000085100000| PB 0x0000000085100000| Untracked 
|  82|0x0000000085200000, 0x0000000085200000, 0x0000000085300000|  0%| F|  |TAMS 0x0000000085200000| PB 0x0000000085200000| Untracked 
|  83|0x0000000085300000, 0x0000000085300000, 0x0000000085400000|  0%| F|  |TAMS 0x0000000085300000| PB 0x0000000085300000| Untracked 
|  84|0x0000000085400000, 0x0000000085400000, 0x0000000085500000|  0%| F|  |TAMS 0x0000000085400000| PB 0x0000000085400000| Untracked 
|  85|0x0000000085500000, 0x0000000085500000, 0x0000000085600000|  0%| F|  |TAMS 0x0000000085500000| PB 0x0000000085500000| Untracked 
|  86|0x0000000085600000, 0x0000000085600000, 0x0000000085700000|  0%| F|  |TAMS 0x0000000085600000| PB 0x0000000085600000| Untracked 
|  87|0x0000000085700000, 0x0000000085700000, 0x0000000085800000|  0%| F|  |TAMS 0x0000000085700000| PB 0x0000000085700000| Untracked 
|  88|0x0000000085800000, 0x0000000085800000, 0x0000000085900000|  0%| F|  |TAMS 0x0000000085800000| PB 0x0000000085800000| Untracked 
|  89|0x0000000085900000, 0x0000000085900000, 0x0000000085a00000|  0%| F|  |TAMS 0x0000000085900000| PB 0x0000000085900000| Untracked 
|  90|0x0000000085a00000, 0x0000000085a00000, 0x0000000085b00000|  0%| F|  |TAMS 0x0000000085a00000| PB 0x0000000085a00000| Untracked 
|  91|0x0000000085b00000, 0x0000000085b00000, 0x0000000085c00000|  0%| F|  |TAMS 0x0000000085b00000| PB 0x0000000085b00000| Untracked 
|  92|0x0000000085c00000, 0x0000000085c00000, 0x0000000085d00000|  0%| F|  |TAMS 0x0000000085c00000| PB 0x0000000085c00000| Untracked 
|  93|0x0000000085d00000, 0x0000000085d00000, 0x0000000085e00000|  0%| F|  |TAMS 0x0000000085d00000| PB 0x0000000085d00000| Untracked 
|  94|0x0000000085e00000, 0x0000000085e00000, 0x0000000085f00000|  0%| F|  |TAMS 0x0000000085e00000| PB 0x0000000085e00000| Untracked 
|  95|0x0000000085f00000, 0x0000000085f00000, 0x0000000086000000|  0%| F|  |TAMS 0x0000000085f00000| PB 0x0000000085f00000| Untracked 
|  96|0x0000000086000000, 0x0000000086000000, 0x0000000086100000|  0%| F|  |TAMS 0x0000000086000000| PB 0x0000000086000000| Untracked 
|  97|0x0000000086100000, 0x0000000086100000, 0x0000000086200000|  0%| F|  |TAMS 0x0000000086100000| PB 0x0000000086100000| Untracked 
|  98|0x0000000086200000, 0x0000000086200000, 0x0000000086300000|  0%| F|  |TAMS 0x0000000086200000| PB 0x0000000086200000| Untracked 
|  99|0x0000000086300000, 0x0000000086300000, 0x0000000086400000|  0%| F|  |TAMS 0x0000000086300000| PB 0x0000000086300000| Untracked 
| 100|0x0000000086400000, 0x0000000086400000, 0x0000000086500000|  0%| F|  |TAMS 0x0000000086400000| PB 0x0000000086400000| Untracked 
| 101|0x0000000086500000, 0x0000000086500000, 0x0000000086600000|  0%| F|  |TAMS 0x0000000086500000| PB 0x0000000086500000| Untracked 
| 102|0x0000000086600000, 0x0000000086600000, 0x0000000086700000|  0%| F|  |TAMS 0x0000000086600000| PB 0x0000000086600000| Untracked 
| 103|0x0000000086700000, 0x0000000086700000, 0x0000000086800000|  0%| F|  |TAMS 0x0000000086700000| PB 0x0000000086700000| Untracked 
| 104|0x0000000086800000, 0x0000000086800000, 0x0000000086900000|  0%| F|  |TAMS 0x0000000086800000| PB 0x0000000086800000| Untracked 
| 105|0x0000000086900000, 0x0000000086900000, 0x0000000086a00000|  0%| F|  |TAMS 0x0000000086900000| PB 0x0000000086900000| Untracked 
| 106|0x0000000086a00000, 0x0000000086a00000, 0x0000000086b00000|  0%| F|  |TAMS 0x0000000086a00000| PB 0x0000000086a00000| Untracked 
| 107|0x0000000086b00000, 0x0000000086b00000, 0x0000000086c00000|  0%| F|  |TAMS 0x0000000086b00000| PB 0x0000000086b00000| Untracked 
| 108|0x0000000086c00000, 0x0000000086c00000, 0x0000000086d00000|  0%| F|  |TAMS 0x0000000086c00000| PB 0x0000000086c00000| Untracked 
| 109|0x0000000086d00000, 0x0000000086d00000, 0x0000000086e00000|  0%| F|  |TAMS 0x0000000086d00000| PB 0x0000000086d00000| Untracked 
| 110|0x0000000086e00000, 0x0000000086e00000, 0x0000000086f00000|  0%| F|  |TAMS 0x0000000086e00000| PB 0x0000000086e00000| Untracked 
| 111|0x0000000086f00000, 0x0000000086f00000, 0x0000000087000000|  0%| F|  |TAMS 0x0000000086f00000| PB 0x0000000086f00000| Untracked 
| 112|0x0000000087000000, 0x0000000087000000, 0x0000000087100000|  0%| F|  |TAMS 0x0000000087000000| PB 0x0000000087000000| Untracked 
| 113|0x0000000087100000, 0x0000000087100000, 0x0000000087200000|  0%| F|  |TAMS 0x0000000087100000| PB 0x0000000087100000| Untracked 
| 114|0x0000000087200000, 0x0000000087200000, 0x0000000087300000|  0%| F|  |TAMS 0x0000000087200000| PB 0x0000000087200000| Untracked 
| 115|0x0000000087300000, 0x0000000087300000, 0x0000000087400000|  0%| F|  |TAMS 0x0000000087300000| PB 0x0000000087300000| Untracked 
| 116|0x0000000087400000, 0x0000000087400000, 0x0000000087500000|  0%| F|  |TAMS 0x0000000087400000| PB 0x0000000087400000| Untracked 
| 117|0x0000000087500000, 0x0000000087500000, 0x0000000087600000|  0%| F|  |TAMS 0x0000000087500000| PB 0x0000000087500000| Untracked 
| 118|0x0000000087600000, 0x0000000087600000, 0x0000000087700000|  0%| F|  |TAMS 0x0000000087600000| PB 0x0000000087600000| Untracked 
| 119|0x0000000087700000, 0x0000000087700000, 0x0000000087800000|  0%| F|  |TAMS 0x0000000087700000| PB 0x0000000087700000| Untracked 
| 120|0x0000000087800000, 0x0000000087800000, 0x0000000087900000|  0%| F|  |TAMS 0x0000000087800000| PB 0x0000000087800000| Untracked 
| 121|0x0000000087900000, 0x0000000087900000, 0x0000000087a00000|  0%| F|  |TAMS 0x0000000087900000| PB 0x0000000087900000| Untracked 
| 122|0x0000000087a00000, 0x0000000087a00000, 0x0000000087b00000|  0%| F|  |TAMS 0x0000000087a00000| PB 0x0000000087a00000| Untracked 
| 123|0x0000000087b00000, 0x0000000087b00000, 0x0000000087c00000|  0%| F|  |TAMS 0x0000000087b00000| PB 0x0000000087b00000| Untracked 
| 124|0x0000000087c00000, 0x0000000087c00000, 0x0000000087d00000|  0%| F|  |TAMS 0x0000000087c00000| PB 0x0000000087c00000| Untracked 
| 125|0x0000000087d00000, 0x0000000087df2718, 0x0000000087e00000| 94%| E|  |TAMS 0x0000000087d00000| PB 0x0000000087d00000| Complete 
| 126|0x0000000087e00000, 0x0000000087f00000, 0x0000000087f00000|100%| E|CS|TAMS 0x0000000087e00000| PB 0x0000000087e00000| Complete 
| 127|0x0000000087f00000, 0x0000000088000000, 0x0000000088000000|100%| E|CS|TAMS 0x0000000087f00000| PB 0x0000000087f00000| Complete 

Card table byte_map: [0x000001e130680000,0x000001e130a80000] _byte_map_base: 0x000001e130280000

Marking Bits: (CMBitMap*) 0x000001e11cf55b10
 Bits: [0x000001e130a80000, 0x000001e132a80000)

Polling page: 0x000001e11acd0000

Metaspace:

Usage:
  Non-class:      6.17 MB used.
      Class:    556.13 KB used.
       Both:      6.71 MB used.

Virtual space:
  Non-class space:       64.00 MB reserved,       6.19 MB ( 10%) committed,  1 nodes.
      Class space:        1.00 GB reserved,     640.00 KB ( <1%) committed,  1 nodes.
             Both:        1.06 GB reserved,       6.81 MB ( <1%) committed. 

Chunk freelists:
   Non-Class:  8.95 MB
       Class:  15.24 MB
        Both:  24.20 MB

MaxMetaspaceSize: unlimited
CompressedClassSpaceSize: 1.00 GB
Initial GC threshold: 21.00 MB
Current GC threshold: 21.00 MB
CDS: off
 - commit_granule_bytes: 65536.
 - commit_granule_words: 8192.
 - virtual_space_node_default_size: 8388608.
 - enlarge_chunks_in_place: 1.
 - use_allocation_guard: 0.


Internal statistics:

num_allocs_failed_limit: 0.
num_arena_births: 6.
num_arena_deaths: 0.
num_vsnodes_births: 2.
num_vsnodes_deaths: 0.
num_space_committed: 109.
num_space_uncommitted: 0.
num_chunks_returned_to_freelist: 0.
num_chunks_taken_from_freelist: 30.
num_chunk_merges: 0.
num_chunk_splits: 12.
num_chunks_enlarged: 8.
num_inconsistent_stats: 0.

CodeHeap 'non-profiled nmethods': size=120000Kb used=56Kb max_used=56Kb free=119943Kb
 bounds [0x000001e128a20000, 0x000001e128c90000, 0x000001e12ff50000]
CodeHeap 'profiled nmethods': size=120000Kb used=172Kb max_used=172Kb free=119827Kb
 bounds [0x000001e120f50000, 0x000001e1211c0000, 0x000001e128480000]
CodeHeap 'non-nmethods': size=5760Kb used=1218Kb max_used=1234Kb free=4542Kb
 bounds [0x000001e128480000, 0x000001e1286f0000, 0x000001e128a20000]
CodeCache: size=245760Kb, used=1446Kb, max_used=1462Kb, free=244312Kb
 total_blobs=543, nmethods=156, adapters=292, full_count=0
Compilation: enabled, stopped_count=0, restarted_count=0

Compilation events (20 events):
Event: 0.307 Thread 0x000001e1356ff640  144       4       java.util.zip.ZipFile$Source::nextEntryPos (22 bytes)
Event: 0.307 Thread 0x000001e135713a90 nmethod 146 0x000001e120f78a10 code [0x000001e120f78bc0, 0x000001e120f78d80]
Event: 0.308 Thread 0x000001e1356ff640 nmethod 144 0x000001e128a2b010 code [0x000001e128a2b1a0, 0x000001e128a2b300]
Event: 0.308 Thread 0x000001e1356ff640  145       4       java.util.concurrent.ConcurrentHashMap::spread (10 bytes)
Event: 0.309 Thread 0x000001e1356ff640 nmethod 145 0x000001e128a2b490 code [0x000001e128a2b600, 0x000001e128a2b678]
Event: 0.309 Thread 0x000001e1356ff640  147       4       java.lang.String::hashCode (60 bytes)
Event: 0.310 Thread 0x000001e135713a90  149       3       java.util.Objects::requireNonNull (15 bytes)
Event: 0.310 Thread 0x000001e135713a90 nmethod 149 0x000001e120f78e10 code [0x000001e120f78fc0, 0x000001e120f791a0]
Event: 0.311 Thread 0x000001e135713a90  151       3       jdk.internal.misc.Unsafe::pickPos (14 bytes)
Event: 0.311 Thread 0x000001e135713a90 nmethod 151 0x000001e120f79290 code [0x000001e120f79420, 0x000001e120f79520]
Event: 0.311 Thread 0x000001e13597bdb0 nmethod 135 0x000001e128a2bf90 code [0x000001e128a2c1a0, 0x000001e128a2ccc0]
Event: 0.311 Thread 0x000001e1356ff640 nmethod 147 0x000001e128a2d410 code [0x000001e128a2d5e0, 0x000001e128a2d938]
Event: 0.312 Thread 0x000001e135713a90  152       3       java.lang.StringLatin1::lastIndexOf (40 bytes)
Event: 0.312 Thread 0x000001e135713a90 nmethod 152 0x000001e120f79590 code [0x000001e120f79760, 0x000001e120f79b30]
Event: 0.312 Thread 0x000001e1356ff640  153       4       java.lang.String::charAt (25 bytes)
Event: 0.312 Thread 0x000001e135713a90  154   !   3       jdk.internal.misc.Blocker::begin (97 bytes)
Event: 0.313 Thread 0x000001e135713a90 nmethod 154 0x000001e120f79c90 code [0x000001e120f79ec0, 0x000001e120f7a748]
Event: 0.313 Thread 0x000001e135713a90  155       3       jdk.internal.misc.Blocker::end (71 bytes)
Event: 0.313 Thread 0x000001e135713a90 nmethod 155 0x000001e120f7a990 code [0x000001e120f7ab80, 0x000001e120f7b028]
Event: 0.314 Thread 0x000001e1356ff640 nmethod 153 0x000001e128a2de90 code [0x000001e128a2e020, 0x000001e128a2e148]

GC Heap History (0 events):
No events

Dll operation events (2 events):
Event: 0.014 Loaded shared library C:\Program Files\JetBrains\IntelliJ IDEA 2025.3.1\jbr\bin\java.dll
Event: 0.035 Loaded shared library C:\Program Files\JetBrains\IntelliJ IDEA 2025.3.1\jbr\bin\zip.dll

Deoptimization events (20 events):
Event: 0.293 Thread 0x000001e11cefc090 DEOPT PACKING pc=0x000001e120f6ef49 sp=0x0000000dbfbfdc50
Event: 0.293 Thread 0x000001e11cefc090 DEOPT UNPACKING pc=0x000001e1284d4b42 sp=0x0000000dbfbfd0c0 mode 0
Event: 0.293 Thread 0x000001e11cefc090 DEOPT PACKING pc=0x000001e120f6ef49 sp=0x0000000dbfbfdc50
Event: 0.293 Thread 0x000001e11cefc090 DEOPT UNPACKING pc=0x000001e1284d4b42 sp=0x0000000dbfbfd0c0 mode 0
Event: 0.294 Thread 0x000001e11cefc090 DEOPT PACKING pc=0x000001e120f6ef49 sp=0x0000000dbfbfdc50
Event: 0.294 Thread 0x000001e11cefc090 DEOPT UNPACKING pc=0x000001e1284d4b42 sp=0x0000000dbfbfd0c0 mode 0
Event: 0.294 Thread 0x000001e11cefc090 DEOPT PACKING pc=0x000001e120f6ef49 sp=0x0000000dbfbfdc50
Event: 0.294 Thread 0x000001e11cefc090 DEOPT UNPACKING pc=0x000001e1284d4b42 sp=0x0000000dbfbfd0c0 mode 0
Event: 0.294 Thread 0x000001e11cefc090 DEOPT PACKING pc=0x000001e120f6ef49 sp=0x0000000dbfbfdc50
Event: 0.294 Thread 0x000001e11cefc090 DEOPT UNPACKING pc=0x000001e1284d4b42 sp=0x0000000dbfbfd0c0 mode 0
Event: 0.294 Thread 0x000001e11cefc090 DEOPT PACKING pc=0x000001e120f6ef49 sp=0x0000000dbfbfdc50
Event: 0.294 Thread 0x000001e11cefc090 DEOPT UNPACKING pc=0x000001e1284d4b42 sp=0x0000000dbfbfd0c0 mode 0
Event: 0.294 Thread 0x000001e11cefc090 DEOPT PACKING pc=0x000001e120f6ef49 sp=0x0000000dbfbfdc50
Event: 0.294 Thread 0x000001e11cefc090 DEOPT UNPACKING pc=0x000001e1284d4b42 sp=0x0000000dbfbfd0c0 mode 0
Event: 0.294 Thread 0x000001e11cefc090 DEOPT PACKING pc=0x000001e120f6ef49 sp=0x0000000dbfbfdc50
Event: 0.294 Thread 0x000001e11cefc090 DEOPT UNPACKING pc=0x000001e1284d4b42 sp=0x0000000dbfbfd0c0 mode 0
Event: 0.294 Thread 0x000001e11cefc090 DEOPT PACKING pc=0x000001e120f6ef49 sp=0x0000000dbfbfdc50
Event: 0.294 Thread 0x000001e11cefc090 DEOPT UNPACKING pc=0x000001e1284d4b42 sp=0x0000000dbfbfd0c0 mode 0
Event: 0.294 Thread 0x000001e11cefc090 DEOPT PACKING pc=0x000001e120f6ef49 sp=0x0000000dbfbfdc50
Event: 0.294 Thread 0x000001e11cefc090 DEOPT UNPACKING pc=0x000001e1284d4b42 sp=0x0000000dbfbfd0c0 mode 0

Classes loaded (20 events):
Event: 0.308 Loading class java/rmi/server/ExportException done
Event: 0.308 Loading class java/rmi/Remote
Event: 0.309 Loading class java/rmi/Remote done
Event: 0.309 Loading class java/lang/AssertionError
Event: 0.309 Loading class java/lang/AssertionError done
Event: 0.309 Loading class java/rmi/server/RMIServerSocketFactory
Event: 0.309 Loading class java/rmi/server/RMIServerSocketFactory done
Event: 0.309 Loading class java/util/concurrent/ConcurrentHashMap$ForwardingNode
Event: 0.309 Loading class java/util/concurrent/ConcurrentHashMap$ForwardingNode done
Event: 0.309 Loading class java/rmi/server/RMISocketFactory
Event: 0.309 Loading class java/rmi/server/RMIClientSocketFactory
Event: 0.309 Loading class java/rmi/server/RMIClientSocketFactory done
Event: 0.309 Loading class java/rmi/server/RMISocketFactory done
Event: 0.313 Loading class java/rmi/server/Unreferenced
Event: 0.313 Loading class java/rmi/server/Unreferenced done
Event: 0.313 Loading class java/lang/PublicMethods$MethodList
Event: 0.313 Loading class java/lang/PublicMethods$MethodList done
Event: 0.313 Loading class java/lang/PublicMethods$Key
Event: 0.313 Loading class java/lang/PublicMethods$Key done
Event: 0.313 Loading class java/util/regex/Pattern

Classes unloaded (0 events):
No events

Classes redefined (0 events):
No events

Internal exceptions (0 events):
No events

ZGC Phase Switch (0 events):
No events

VM Operations (0 events):
No events

Memory protections (0 events):
No events

Nmethod flushes (0 events):
No events

Events (15 events):
Event: 0.033 Thread 0x000001e11cefc090 Thread added: 0x000001e11cefc090
Event: 0.119 Thread 0x000001e11cefc090 Thread added: 0x000001e1356bb460
Event: 0.127 Thread 0x000001e11cefc090 Thread added: 0x000001e1356dcd60
Event: 0.128 Thread 0x000001e11cefc090 Thread added: 0x000001e1356de330
Event: 0.129 Thread 0x000001e11cefc090 Thread added: 0x000001e135709b50
Event: 0.130 Thread 0x000001e11cefc090 Thread added: 0x000001e1356f7e80
Event: 0.130 Thread 0x000001e11cefc090 Thread added: 0x000001e1356f9450
Event: 0.130 Thread 0x000001e11cefc090 Thread added: 0x000001e1356fb1c0
Event: 0.130 Thread 0x000001e11cefc090 Thread added: 0x000001e1356ff640
Event: 0.130 Thread 0x000001e11cefc090 Thread added: 0x000001e135713a90
Event: 0.232 Thread 0x000001e11cefc090 Thread added: 0x000001e1358c11c0
Event: 0.252 Loaded shared library C:\Program Files\JetBrains\IntelliJ IDEA 2025.3.1\jbr\bin\net.dll
Event: 0.257 Loaded shared library C:\Program Files\JetBrains\IntelliJ IDEA 2025.3.1\jbr\bin\nio.dll
Event: 0.296 Thread 0x000001e135713a90 Thread added: 0x000001e13597bdb0
Event: 0.302 Loaded shared library C:\Program Files\JetBrains\IntelliJ IDEA 2025.3.1\jbr\bin\zip.dll


Dynamic libraries:
0x00007ff779080000 - 0x00007ff77908a000 	C:\Program Files\JetBrains\IntelliJ IDEA 2025.3.1\jbr\bin\java.exe
0x00007ffb35fa0000 - 0x00007ffb36207000 	C:\WINDOWS\SYSTEM32\ntdll.dll
0x00007ffb34b10000 - 0x00007ffb34bd9000 	C:\WINDOWS\System32\KERNEL32.DLL
0x00007ffb33230000 - 0x00007ffb3361f000 	C:\WINDOWS\System32\KERNELBASE.dll
0x00007ffb337a0000 - 0x00007ffb338eb000 	C:\WINDOWS\System32\ucrtbase.dll
0x00007ffaf8330000 - 0x00007ffaf8348000 	C:\Program Files\JetBrains\IntelliJ IDEA 2025.3.1\jbr\bin\jli.dll
0x00007ffb00690000 - 0x00007ffb006ab000 	C:\Program Files\JetBrains\IntelliJ IDEA 2025.3.1\jbr\bin\VCRUNTIME140.dll
0x00007ffb33d40000 - 0x00007ffb33f05000 	C:\WINDOWS\System32\USER32.dll
0x00007ffb33b90000 - 0x00007ffb33bb7000 	C:\WINDOWS\System32\win32u.dll
0x00007ffb0ee50000 - 0x00007ffb0f0e3000 	C:\WINDOWS\WinSxS\amd64_microsoft.windows.common-controls_6595b64144ccf1df_6.0.26100.7309_none_3e05feeae336a044\COMCTL32.dll
0x00007ffb34270000 - 0x00007ffb3429b000 	C:\WINDOWS\System32\GDI32.dll
0x00007ffb342a0000 - 0x00007ffb34349000 	C:\WINDOWS\System32\msvcrt.dll
0x00007ffb338f0000 - 0x00007ffb33a1c000 	C:\WINDOWS\System32\gdi32full.dll
0x00007ffb33ae0000 - 0x00007ffb33b83000 	C:\WINDOWS\System32\msvcp_win.dll
0x00007ffb35a30000 - 0x00007ffb35a61000 	C:\WINDOWS\System32\IMM32.DLL
0x00007ffb29f40000 - 0x00007ffb29f4c000 	C:\Program Files\JetBrains\IntelliJ IDEA 2025.3.1\jbr\bin\vcruntime140_1.dll
0x00007ffad6b60000 - 0x00007ffad6bed000 	C:\Program Files\JetBrains\IntelliJ IDEA 2025.3.1\jbr\bin\msvcp140.dll
0x00007ffaa2910000 - 0x00007ffaa36dd000 	C:\Program Files\JetBrains\IntelliJ IDEA 2025.3.1\jbr\bin\server\jvm.dll
0x00007ffb356f0000 - 0x00007ffb357a4000 	C:\WINDOWS\System32\ADVAPI32.dll
0x00007ffb35a70000 - 0x00007ffb35b16000 	C:\WINDOWS\System32\sechost.dll
0x00007ffb35c80000 - 0x00007ffb35d98000 	C:\WINDOWS\System32\RPCRT4.dll
0x00007ffb35b20000 - 0x00007ffb35b94000 	C:\WINDOWS\System32\WS2_32.dll
0x00007ffb32f50000 - 0x00007ffb32fae000 	C:\WINDOWS\SYSTEM32\POWRPROF.dll
0x00007ffb26470000 - 0x00007ffb2647b000 	C:\WINDOWS\SYSTEM32\VERSION.dll
0x00007ffb18db0000 - 0x00007ffb18de5000 	C:\WINDOWS\SYSTEM32\WINMM.dll
0x00007ffb32f30000 - 0x00007ffb32f44000 	C:\WINDOWS\SYSTEM32\UMPDC.dll
0x00007ffb31e60000 - 0x00007ffb31e7b000 	C:\WINDOWS\SYSTEM32\kernel.appcore.dll
0x00007ffb27bc0000 - 0x00007ffb27bca000 	C:\Program Files\JetBrains\IntelliJ IDEA 2025.3.1\jbr\bin\jimage.dll
0x00007ffb309a0000 - 0x00007ffb30be2000 	C:\WINDOWS\SYSTEM32\DBGHELP.DLL
0x00007ffb34bf0000 - 0x00007ffb34f75000 	C:\WINDOWS\System32\combase.dll
0x00007ffb35940000 - 0x00007ffb35a16000 	C:\WINDOWS\System32\OLEAUT32.dll
0x00007ffb18a90000 - 0x00007ffb18acc000 	C:\WINDOWS\SYSTEM32\dbgcore.DLL
0x00007ffb330f0000 - 0x00007ffb33195000 	C:\WINDOWS\System32\bcryptPrimitives.dll
0x00007ffb00670000 - 0x00007ffb00690000 	C:\Program Files\JetBrains\IntelliJ IDEA 2025.3.1\jbr\bin\java.dll
0x00007ffaffce0000 - 0x00007ffaffcf8000 	C:\Program Files\JetBrains\IntelliJ IDEA 2025.3.1\jbr\bin\zip.dll
0x00007ffb34350000 - 0x00007ffb34aa3000 	C:\WINDOWS\System32\SHELL32.dll
0x00007ffb33630000 - 0x00007ffb3379a000 	C:\WINDOWS\System32\wintypes.dll
0x00007ffb30cd0000 - 0x00007ffb3152e000 	C:\WINDOWS\SYSTEM32\windows.storage.dll
0x00007ffb35840000 - 0x00007ffb35935000 	C:\WINDOWS\System32\SHCORE.dll
0x00007ffb34180000 - 0x00007ffb341e6000 	C:\WINDOWS\System32\shlwapi.dll
0x00007ffb33010000 - 0x00007ffb33039000 	C:\WINDOWS\SYSTEM32\profapi.dll
0x00007ffb264b0000 - 0x00007ffb264c0000 	C:\Program Files\JetBrains\IntelliJ IDEA 2025.3.1\jbr\bin\net.dll
0x00007ffb260a0000 - 0x00007ffb261c8000 	C:\WINDOWS\SYSTEM32\WINHTTP.dll
0x00007ffb323b0000 - 0x00007ffb3241b000 	C:\WINDOWS\system32\mswsock.dll
0x00007ffaffc80000 - 0x00007ffaffc96000 	C:\Program Files\JetBrains\IntelliJ IDEA 2025.3.1\jbr\bin\nio.dll

JVMTI agents: none

dbghelp: loaded successfully - version: 4.0.5 - missing functions: none
symbol engine: initialized successfully - sym options: 0x614 - pdb path: .;C:\Program Files\JetBrains\IntelliJ IDEA 2025.3.1\jbr\bin;C:\WINDOWS\SYSTEM32;C:\WINDOWS\WinSxS\amd64_microsoft.windows.common-controls_6595b64144ccf1df_6.0.26100.7309_none_3e05feeae336a044;C:\Program Files\JetBrains\IntelliJ IDEA 2025.3.1\jbr\bin\server

VM Arguments:
jvm_args: -Djava.rmi.server.hostname=127.0.0.1 -Duser.timezone=UTC -Xmx2048m -Xms128m --add-exports=java.desktop/sun.awt=ALL-UNNAMED --add-exports=java.desktop/java.awt.peer=ALL-UNNAMED --add-opens=java.desktop/java.awt=ALL-UNNAMED --add-opens=jdk.unsupported/sun.misc=ALL-UNNAMED --add-opens=java.base/java.nio=ALL-UNNAMED --add-opens=java.base/java.util=ALL-UNNAMED -Dfile.encoding=UTF-8 -Dsun.stdout.encoding=UTF-8 -Dsun.stderr.encoding=UTF-8 
java_command: com.intellij.database.remote.RemoteJdbcServer com.mysql.cj.jdbc.Driver
java_class_path (initial): C:\Program Files\JetBrains\IntelliJ IDEA 2025.3.1\lib\util_rt.jar;C:\Program Files\JetBrains\IntelliJ IDEA 2025.3.1\lib\module-intellij.libraries.fastutil.jar;C:\Program Files\JetBrains\IntelliJ IDEA 2025.3.1\lib\groovy.jar;C:\Program Files\JetBrains\IntelliJ IDEA 2025.3.1\plugins\DatabaseTools\lib\modules\intellij.database.jdbcConsole.jar;C:\Program Files\JetBrains\IntelliJ IDEA 2025.3.1\lib\modules\intellij.grid.types.jar;C:\Program Files\JetBrains\IntelliJ IDEA 2025.3.1\lib\util.jar;C:\Program Files\JetBrains\IntelliJ IDEA 2025.3.1\lib\module-intellij.libraries.bouncy.castle.provider.jar
Launcher Type: SUN_STANDARD

[Global flags]
     intx CICompilerCount                          = 4                                         {product} {ergonomic}
     uint ConcGCThreads                            = 2                                         {product} {ergonomic}
     uint G1ConcRefinementThreads                  = 8                                         {product} {ergonomic}
   size_t G1HeapRegionSize                         = 1048576                                   {product} {ergonomic}
    uintx GCDrainStackTargetSize                   = 64                                        {product} {ergonomic}
   size_t InitialHeapSize                          = 134217728                                 {product} {command line}
   size_t MarkStackSize                            = 4194304                                   {product} {ergonomic}
   size_t MaxHeapSize                              = 2147483648                                {product} {command line}
   size_t MaxNewSize                               = 1287651328                                {product} {ergonomic}
   size_t MinHeapDeltaBytes                        = 1048576                                   {product} {ergonomic}
   size_t MinHeapSize                              = 134217728                                 {product} {command line}
    uintx NonNMethodCodeHeapSize                   = 5839372                                {pd product} {ergonomic}
    uintx NonProfiledCodeHeapSize                  = 122909434                              {pd product} {ergonomic}
    uintx ProfiledCodeHeapSize                     = 122909434                              {pd product} {ergonomic}
    uintx ReservedCodeCacheSize                    = 251658240                              {pd product} {ergonomic}
     bool SegmentedCodeCache                       = true                                      {product} {ergonomic}
   size_t SoftMaxHeapSize                          = 2147483648                             {manageable} {ergonomic}
     bool UseCompressedOops                        = true                           {product lp64_product} {ergonomic}
     bool UseG1GC                                  = true                                      {product} {ergonomic}
     bool UseLargePagesIndividualAllocation        = false                                  {pd product} {ergonomic}

Logging:
Log output configuration:
 #0: stdout all=warning uptime,level,tags foldmultilines=false
 #1: stderr all=off uptime,level,tags foldmultilines=false

Release file:
<release file has not been read>
Environment Variables:
JAVA_HOME=C:\Program Files\Java\jdk-17
PATH=C:\Users\HP\Downloads\WINDOWS.X64_193000_db_home\bin;C:\Program Files (x86)\VMware\VMware Workstation\bin\;C:\Program Files\Common Files\Oracle\Java\javapath;C:\WINDOWS\system32;C:\WINDOWS;C:\WINDOWS\System32\Wbem;C:\WINDOWS\System32\WindowsPowerShell\v1.0\;C:\WINDOWS\System32\OpenSSH\;C:\Program Files\Java\jdk-17\bin;C:\Program Files\Microsoft SQL Server\150\Tools\Binn\;C:\Program Files\Microsoft SQL Server\Client SDK\ODBC\170\Tools\Binn\;C:\Program Files\dotnet\;C:\Users\HP\AppData\Local\Programs\mongosh\bin;C:\Program Files\Git\cmd;C:\Program Files\nodejs\;C:\Program Files\Docker\Docker\resources\bin;C:\Users\HP\AppData\Local\Microsoft\WindowsApps;C:\Program Files\JetBrains\IntelliJ IDEA Community Edition 2025.1.3\bin;C:\Users\HP\.dotnet\tools;C:\Program Files (x86)\MongoDB Atlas CLI\;C:\Users\HP\AppData\Local\Programs\mongosh\;C:\Users\HP\AppData\Roaming\npm;C:\Users\HP\AppData\Local\Programs\Microsoft VS Code\bin;C:\Users\HP\AppData\Local\Python\bin;C:\Program Files\JetBrains\IntelliJ IDEA 2025.3.1\bin
USERNAME=HP
OS=Windows_NT
PROCESSOR_IDENTIFIER=Intel64 Family 6 Model 142 Stepping 10, GenuineIntel
TMP=C:\Users\HP\AppData\Local\Temp
TEMP=C:\Users\HP\AppData\Local\Temp




Periodic native trim disabled

JNI global refs:
JNI global refs: 8, weak refs: 0

JNI global refs memory usage: 835, weak refs: 201

Process memory usage:
Resident Set Size: 40964K (0% of 16616660K total physical memory with 5045756K free physical memory)

OOME stack traces (most recent first):
Classloader memory used:
Loader bootstrap                                                                       : 6820K
Loader jdk.internal.loader.ClassLoaders$AppClassLoader                                 : 51064B

---------------  S Y S T E M  ---------------

OS:
 Windows 11 , 64 bit Build 26100 (10.0.26100.7309)
OS uptime: 0 days 0:29 hours
Hyper-V role detected

CPU: total 8 (initial active 8) (4 cores per cpu, 2 threads per core) family 6 model 142 stepping 10 microcode 0xf6, cx8, cmov, fxsr, ht, mmx, 3dnowpref, sse, sse2, sse3, ssse3, sse4.1, sse4.2, popcnt, lzcnt, tsc, tscinvbit, avx, avx2, aes, erms, clmul, bmi1, bmi2, rtm, adx, fma, vzeroupper, clflush, clflushopt, hv, rdtscp, f16c
Processor Information for processor 0
  Max Mhz: 1896, Current Mhz: 1496, Mhz Limit: 1687
Processor Information for processor 1
  Max Mhz: 1896, Current Mhz: 1496, Mhz Limit: 1687
Processor Information for processor 2
  Max Mhz: 1896, Current Mhz: 1496, Mhz Limit: 1687
Processor Information for processor 3
  Max Mhz: 1896, Current Mhz: 1496, Mhz Limit: 1687
Processor Information for processor 4
  Max Mhz: 1896, Current Mhz: 1696, Mhz Limit: 1687
Processor Information for processor 5
  Max Mhz: 1896, Current Mhz: 1496, Mhz Limit: 1687
Processor Information for processor 6
  Max Mhz: 1896, Current Mhz: 1696, Mhz Limit: 1687
Processor Information for processor 7
  Max Mhz: 1896, Current Mhz: 1496, Mhz Limit: 1687

Memory: 4k page, system-wide physical 16227M (4927M free)
TotalPageFile size 21657M (AvailPageFile size 6M)
current process WorkingSet (physical memory assigned to process): 40M, peak: 40M
current process commit charge ("private bytes"): 205M, peak: 220M

vm_info: OpenJDK 64-Bit Server VM (21.0.9+1-b1163.86) for windows-amd64 JRE (21.0.9+1-b1163.86), built on 2025-12-02 by "builduser" with MS VC++ 16.10 / 16.11 (VS2019)

END.
