#
# There is insufficient memory for the Java Runtime Environment to continue.
# Native memory allocation (mmap) failed to map 134217728 bytes. Error detail: G1 virtual space
# Possible reasons:
#   The system is out of physical RAM or swap space
#   This process is running with CompressedOops enabled, and the Java Heap may be blocking the growth of the native heap
# Possible solutions:
#   Reduce memory load on the system
#   Increase physical memory or swap space
#   Check if swap backing store is full
#   Decrease Java heap size (-Xmx/-Xms)
#   Decrease number of Java threads
#   Decrease Java thread stack sizes (-Xss)
#   Set larger code cache with -XX:ReservedCodeCacheSize=
#   JVM is running with Unscaled Compressed Oops mode in which the Java heap is
#     placed in the first 4GB address space. The Java Heap base address is the
#     maximum limit for the native heap growth. Please use -XX:HeapBaseMinAddress
#     to set the Java Heap base and to place the Java Heap above 4GB virtual address.
# This output file may be truncated or incomplete.
#
#  Out of Memory Error (os_windows.cpp:3925), pid=16504, tid=5264
#
# JRE version:  (21.0.9+1) (build )
# Java VM: OpenJDK 64-Bit Server VM (21.0.9+1-b1163.86, mixed mode, sharing, tiered, compressed oops, compressed class ptrs, g1 gc, windows-amd64)
# No core dump will be written. Minidumps are not enabled by default on client versions of Windows
#

---------------  S U M M A R Y ------------

Command Line: -Djava.rmi.server.hostname=127.0.0.1 -Duser.timezone=UTC -Xmx2048m -Xms128m --add-exports=java.desktop/sun.awt=ALL-UNNAMED --add-exports=java.desktop/java.awt.peer=ALL-UNNAMED --add-opens=java.desktop/java.awt=ALL-UNNAMED --add-opens=jdk.unsupported/sun.misc=ALL-UNNAMED --add-opens=java.base/java.nio=ALL-UNNAMED --add-opens=java.base/java.util=ALL-UNNAMED -Dfile.encoding=UTF-8 -Dsun.stdout.encoding=UTF-8 -Dsun.stderr.encoding=UTF-8 com.intellij.database.remote.RemoteJdbcServer com.mysql.cj.jdbc.Driver

Host: Intel(R) Core(TM) i5-8350U CPU @ 1.70GHz, 8 cores, 15G,  Windows 11 , 64 bit Build 26100 (10.0.26100.7309)
Time: Wed Dec 24 23:11:06 2025 Paris, Madrid elapsed time: 0.020417 seconds (0d 0h 0m 0s)

---------------  T H R E A D  ---------------

Current thread (0x000002dfe06fc090):  JavaThread "Unknown thread" [_thread_in_vm, id=5264, stack(0x000000f61b600000,0x000000f61b700000) (1024K)]

Stack: [0x000000f61b600000,0x000000f61b700000]
Native frames: (J=compiled Java code, j=interpreted, Vv=VM code, C=native code)
V  [jvm.dll+0x6ec339]
V  [jvm.dll+0x8cc463]
V  [jvm.dll+0x8cea7e]
V  [jvm.dll+0x8cf163]
V  [jvm.dll+0x28b006]
V  [jvm.dll+0x6e8b15]
V  [jvm.dll+0x6dc1aa]
V  [jvm.dll+0x366a7b]
V  [jvm.dll+0x36e666]
V  [jvm.dll+0x3c0bd6]
V  [jvm.dll+0x3c0ea8]
V  [jvm.dll+0x33922c]
V  [jvm.dll+0x339f1b]
V  [jvm.dll+0x893b29]
V  [jvm.dll+0x3cdda8]
V  [jvm.dll+0x87ca68]
V  [jvm.dll+0x462a4e]
V  [jvm.dll+0x464731]
C  [jli.dll+0x52ab]
C  [ucrtbase.dll+0x37b0]
C  [KERNEL32.DLL+0x2e8d7]
C  [ntdll.dll+0x8c53c]


---------------  P R O C E S S  ---------------

Threads class SMR info:
_java_thread_list=0x00007ffaa35752c8, length=0, elements={
}

Java Threads: ( => current thread )
Total: 0

Other Threads:
  0x000002dfe0755500 WorkerThread "GC Thread#0"                     [id=8644, stack(0x000000f61b700000,0x000000f61b800000) (1024K)]
  0x000002dfe07663f0 ConcurrentGCThread "G1 Main Marker"            [id=8568, stack(0x000000f61b800000,0x000000f61b900000) (1024K)]
  0x000002dfe0767c80 WorkerThread "G1 Conc#0"                       [id=2692, stack(0x000000f61b900000,0x000000f61ba00000) (1024K)]

[error occurred during error reporting (printing all threads), id 0xc0000005, EXCEPTION_ACCESS_VIOLATION (0xc0000005) at pc=0x00007ffaa2c5c287]
VM state: not at safepoint (not fully initialized)

VM Mutex/Monitor currently owned by a thread:  ([mutex/lock_event])
[0x00007ffaa35e9e30] Heap_lock - owner thread: 0x000002dfe06fc090

Heap address: 0x0000000080000000, size: 2048 MB, Compressed Oops mode: 32-bit

CDS archive(s) mapped at: [0x0000000000000000-0x0000000000000000-0x0000000000000000), size 0, SharedBaseAddress: 0x0000000800000000, ArchiveRelocationMode: 1.
Narrow klass base: 0x0000000000000000, Narrow klass shift: 0, Narrow klass range: 0x0

GC Precious Log:
 CardTable entry size: 512
 Card Set container configuration: InlinePtr #cards 5 size 8 Array Of Cards #cards 12 size 40 Howl #buckets 4 coarsen threshold 1843 Howl Bitmap #cards 512 size 80 coarsen threshold 460 Card regions per heap region 1 cards per card region 2048

Heap:
 garbage-first heap   total 0K, used 0K [0x0000000080000000, 0x0000000100000000)
  region size 1024K, 0 young (0K), 0 survivors (0K)
 Metaspace       used 0K, committed 0K, reserved 0K
  class space    used 0K, committed 0K, reserved 0K

Heap Regions: E=young(eden), S=young(survivor), O=old, HS=humongous(starts), HC=humongous(continues), CS=collection set, F=free, TAMS=top-at-mark-start, PB=parsable bottom

Card table byte_map: [0x000002dff3e80000,0x000002dff4280000] _byte_map_base: 0x000002dff3a80000

Marking Bits: (CMBitMap*) 0x000002dfe0755b10
 Bits: [0x000002dff4280000, 0x000002dff6280000)

GC Heap History (0 events):
No events

Dll operation events (1 events):
Event: 0.014 Loaded shared library C:\Program Files\JetBrains\IntelliJ IDEA 2025.3.1\jbr\bin\java.dll

Deoptimization events (0 events):
No events

Classes loaded (0 events):
No events

Classes unloaded (0 events):
No events

Classes redefined (0 events):
No events

Internal exceptions (0 events):
No events

ZGC Phase Switch (0 events):
No events

VM Operations (0 events):
No events

Memory protections (0 events):
No events

Nmethod flushes (0 events):
No events

Events (0 events):
No events


Dynamic libraries:
0x00007ff779080000 - 0x00007ff77908a000 	C:\Program Files\JetBrains\IntelliJ IDEA 2025.3.1\jbr\bin\java.exe
0x00007ffb35fa0000 - 0x00007ffb36207000 	C:\WINDOWS\SYSTEM32\ntdll.dll
0x00007ffb34b10000 - 0x00007ffb34bd9000 	C:\WINDOWS\System32\KERNEL32.DLL
0x00007ffb33230000 - 0x00007ffb3361f000 	C:\WINDOWS\System32\KERNELBASE.dll
0x00007ffb337a0000 - 0x00007ffb338eb000 	C:\WINDOWS\System32\ucrtbase.dll
0x00007ffb00690000 - 0x00007ffb006ab000 	C:\Program Files\JetBrains\IntelliJ IDEA 2025.3.1\jbr\bin\VCRUNTIME140.dll
0x00007ffaf8330000 - 0x00007ffaf8348000 	C:\Program Files\JetBrains\IntelliJ IDEA 2025.3.1\jbr\bin\jli.dll
0x00007ffb33d40000 - 0x00007ffb33f05000 	C:\WINDOWS\System32\USER32.dll
0x00007ffb33b90000 - 0x00007ffb33bb7000 	C:\WINDOWS\System32\win32u.dll
0x00007ffb0ee50000 - 0x00007ffb0f0e3000 	C:\WINDOWS\WinSxS\amd64_microsoft.windows.common-controls_6595b64144ccf1df_6.0.26100.7309_none_3e05feeae336a044\COMCTL32.dll
0x00007ffb34270000 - 0x00007ffb3429b000 	C:\WINDOWS\System32\GDI32.dll
0x00007ffb342a0000 - 0x00007ffb34349000 	C:\WINDOWS\System32\msvcrt.dll
0x00007ffb338f0000 - 0x00007ffb33a1c000 	C:\WINDOWS\System32\gdi32full.dll
0x00007ffb33ae0000 - 0x00007ffb33b83000 	C:\WINDOWS\System32\msvcp_win.dll
0x00007ffb35a30000 - 0x00007ffb35a61000 	C:\WINDOWS\System32\IMM32.DLL
0x00007ffb29f40000 - 0x00007ffb29f4c000 	C:\Program Files\JetBrains\IntelliJ IDEA 2025.3.1\jbr\bin\vcruntime140_1.dll
0x00007ffad6b60000 - 0x00007ffad6bed000 	C:\Program Files\JetBrains\IntelliJ IDEA 2025.3.1\jbr\bin\msvcp140.dll
0x00007ffaa2910000 - 0x00007ffaa36dd000 	C:\Program Files\JetBrains\IntelliJ IDEA 2025.3.1\jbr\bin\server\jvm.dll
0x00007ffb356f0000 - 0x00007ffb357a4000 	C:\WINDOWS\System32\ADVAPI32.dll
0x00007ffb35a70000 - 0x00007ffb35b16000 	C:\WINDOWS\System32\sechost.dll
0x00007ffb35c80000 - 0x00007ffb35d98000 	C:\WINDOWS\System32\RPCRT4.dll
0x00007ffb35b20000 - 0x00007ffb35b94000 	C:\WINDOWS\System32\WS2_32.dll
0x00007ffb32f50000 - 0x00007ffb32fae000 	C:\WINDOWS\SYSTEM32\POWRPROF.dll
0x00007ffb18db0000 - 0x00007ffb18de5000 	C:\WINDOWS\SYSTEM32\WINMM.dll
0x00007ffb26470000 - 0x00007ffb2647b000 	C:\WINDOWS\SYSTEM32\VERSION.dll
0x00007ffb32f30000 - 0x00007ffb32f44000 	C:\WINDOWS\SYSTEM32\UMPDC.dll
0x00007ffb31e60000 - 0x00007ffb31e7b000 	C:\WINDOWS\SYSTEM32\kernel.appcore.dll
0x00007ffb27bc0000 - 0x00007ffb27bca000 	C:\Program Files\JetBrains\IntelliJ IDEA 2025.3.1\jbr\bin\jimage.dll
0x00007ffb309a0000 - 0x00007ffb30be2000 	C:\WINDOWS\SYSTEM32\DBGHELP.DLL
0x00007ffb34bf0000 - 0x00007ffb34f75000 	C:\WINDOWS\System32\combase.dll
0x00007ffb35940000 - 0x00007ffb35a16000 	C:\WINDOWS\System32\OLEAUT32.dll
0x00007ffb18a90000 - 0x00007ffb18acc000 	C:\WINDOWS\SYSTEM32\dbgcore.DLL
0x00007ffb330f0000 - 0x00007ffb33195000 	C:\WINDOWS\System32\bcryptPrimitives.dll
0x00007ffb00670000 - 0x00007ffb00690000 	C:\Program Files\JetBrains\IntelliJ IDEA 2025.3.1\jbr\bin\java.dll

JVMTI agents: none

dbghelp: loaded successfully - version: 4.0.5 - missing functions: none
symbol engine: initialized successfully - sym options: 0x614 - pdb path: .;C:\Program Files\JetBrains\IntelliJ IDEA 2025.3.1\jbr\bin;C:\WINDOWS\SYSTEM32;C:\WINDOWS\WinSxS\amd64_microsoft.windows.common-controls_6595b64144ccf1df_6.0.26100.7309_none_3e05feeae336a044;C:\Program Files\JetBrains\IntelliJ IDEA 2025.3.1\jbr\bin\server

VM Arguments:
jvm_args: -Djava.rmi.server.hostname=127.0.0.1 -Duser.timezone=UTC -Xmx2048m -Xms128m --add-exports=java.desktop/sun.awt=ALL-UNNAMED --add-exports=java.desktop/java.awt.peer=ALL-UNNAMED --add-opens=java.desktop/java.awt=ALL-UNNAMED --add-opens=jdk.unsupported/sun.misc=ALL-UNNAMED --add-opens=java.base/java.nio=ALL-UNNAMED --add-opens=java.base/java.util=ALL-UNNAMED -Dfile.encoding=UTF-8 -Dsun.stdout.encoding=UTF-8 -Dsun.stderr.encoding=UTF-8 
java_command: com.intellij.database.remote.RemoteJdbcServer com.mysql.cj.jdbc.Driver
java_class_path (initial): C:\Program Files\JetBrains\IntelliJ IDEA 2025.3.1\lib\util_rt.jar;C:\Program Files\JetBrains\IntelliJ IDEA 2025.3.1\lib\module-intellij.libraries.fastutil.jar;C:\Program Files\JetBrains\IntelliJ IDEA 2025.3.1\lib\groovy.jar;C:\Program Files\JetBrains\IntelliJ IDEA 2025.3.1\plugins\DatabaseTools\lib\modules\intellij.database.jdbcConsole.jar;C:\Program Files\JetBrains\IntelliJ IDEA 2025.3.1\lib\modules\intellij.grid.types.jar;C:\Program Files\JetBrains\IntelliJ IDEA 2025.3.1\lib\util.jar;C:\Program Files\JetBrains\IntelliJ IDEA 2025.3.1\lib\module-intellij.libraries.bouncy.castle.provider.jar
Launcher Type: SUN_STANDARD

[Global flags]
     intx CICompilerCount                          = 4                                         {product} {ergonomic}
     uint ConcGCThreads                            = 2                                         {product} {ergonomic}
     uint G1ConcRefinementThreads                  = 8                                         {product} {ergonomic}
   size_t G1HeapRegionSize                         = 1048576                                   {product} {ergonomic}
    uintx GCDrainStackTargetSize                   = 64                                        {product} {ergonomic}
   size_t InitialHeapSize                          = 134217728                                 {product} {command line}
   size_t MarkStackSize                            = 4194304                                   {product} {ergonomic}
   size_t MaxHeapSize                              = 2147483648                                {product} {command line}
   size_t MinHeapDeltaBytes                        = 1048576                                   {product} {ergonomic}
   size_t MinHeapSize                              = 134217728                                 {product} {command line}
    uintx NonNMethodCodeHeapSize                   = 5839372                                {pd product} {ergonomic}
    uintx NonProfiledCodeHeapSize                  = 122909434                              {pd product} {ergonomic}
    uintx ProfiledCodeHeapSize                     = 122909434                              {pd product} {ergonomic}
    uintx ReservedCodeCacheSize                    = 251658240                              {pd product} {ergonomic}
     bool SegmentedCodeCache                       = true                                      {product} {ergonomic}
   size_t SoftMaxHeapSize                          = 2147483648                             {manageable} {ergonomic}
     bool UseCompressedOops                        = true                           {product lp64_product} {ergonomic}
     bool UseG1GC                                  = true                                      {product} {ergonomic}
     bool UseLargePagesIndividualAllocation        = false                                  {pd product} {ergonomic}

Logging:
Log output configuration:
 #0: stdout all=warning uptime,level,tags foldmultilines=false
 #1: stderr all=off uptime,level,tags foldmultilines=false

Release file:
<release file has not been read>
Environment Variables:
JAVA_HOME=C:\Program Files\Java\jdk-17
PATH=C:\Users\HP\Downloads\WINDOWS.X64_193000_db_home\bin;C:\Program Files (x86)\VMware\VMware Workstation\bin\;C:\Program Files\Common Files\Oracle\Java\javapath;C:\WINDOWS\system32;C:\WINDOWS;C:\WINDOWS\System32\Wbem;C:\WINDOWS\System32\WindowsPowerShell\v1.0\;C:\WINDOWS\System32\OpenSSH\;C:\Program Files\Java\jdk-17\bin;C:\Program Files\Microsoft SQL Server\150\Tools\Binn\;C:\Program Files\Microsoft SQL Server\Client SDK\ODBC\170\Tools\Binn\;C:\Program Files\dotnet\;C:\Users\HP\AppData\Local\Programs\mongosh\bin;C:\Program Files\Git\cmd;C:\Program Files\nodejs\;C:\Program Files\Docker\Docker\resources\bin;C:\Users\HP\AppData\Local\Microsoft\WindowsApps;C:\Program Files\JetBrains\IntelliJ IDEA Community Edition 2025.1.3\bin;C:\Users\HP\.dotnet\tools;C:\Program Files (x86)\MongoDB Atlas CLI\;C:\Users\HP\AppData\Local\Programs\mongosh\;C:\Users\HP\AppData\Roaming\npm;C:\Users\HP\AppData\Local\Programs\Microsoft VS Code\bin;C:\Users\HP\AppData\Local\Python\bin;C:\Program Files\JetBrains\IntelliJ IDEA 2025.3.1\bin
USERNAME=HP
OS=Windows_NT
PROCESSOR_IDENTIFIER=Intel64 Family 6 Model 142 Stepping 10, GenuineIntel
TMP=C:\Users\HP\AppData\Local\Temp
TEMP=C:\Users\HP\AppData\Local\Temp




Periodic native trim disabled

JNI global refs:
JNI global refs: 0, weak refs: 0

JNI global refs memory usage: 0, weak refs: 0

Process memory usage:
Resident Set Size: 12972K (0% of 16616660K total physical memory with 4977840K free physical memory)

OOME stack traces (most recent first):
Classloader memory used:

---------------  S Y S T E M  ---------------

OS:
 Windows 11 , 64 bit Build 26100 (10.0.26100.7309)
OS uptime: 0 days 0:29 hours
Hyper-V role detected

CPU: total 8 (initial active 8) (4 cores per cpu, 2 threads per core) family 6 model 142 stepping 10 microcode 0xf6, cx8, cmov, fxsr, ht, mmx, 3dnowpref, sse, sse2, sse3, ssse3, sse4.1, sse4.2, popcnt, lzcnt, tsc, tscinvbit, avx, avx2, aes, erms, clmul, bmi1, bmi2, rtm, adx, fma, vzeroupper, clflush, clflushopt, hv, rdtscp, f16c
Processor Information for processor 0
  Max Mhz: 1896, Current Mhz: 1496, Mhz Limit: 1687
Processor Information for processor 1
  Max Mhz: 1896, Current Mhz: 1696, Mhz Limit: 1687
Processor Information for processor 2
  Max Mhz: 1896, Current Mhz: 1496, Mhz Limit: 1687
Processor Information for processor 3
  Max Mhz: 1896, Current Mhz: 1496, Mhz Limit: 1687
Processor Information for processor 4
  Max Mhz: 1896, Current Mhz: 1696, Mhz Limit: 1687
Processor Information for processor 5
  Max Mhz: 1896, Current Mhz: 1496, Mhz Limit: 1687
Processor Information for processor 6
  Max Mhz: 1896, Current Mhz: 1696, Mhz Limit: 1687
Processor Information for processor 7
  Max Mhz: 1896, Current Mhz: 1496, Mhz Limit: 1687

Memory: 4k page, system-wide physical 16227M (4861M free)
TotalPageFile size 21657M (AvailPageFile size 128M)
current process WorkingSet (physical memory assigned to process): 12M, peak: 12M
current process commit charge ("private bytes"): 60M, peak: 188M

vm_info: OpenJDK 64-Bit Server VM (21.0.9+1-b1163.86) for windows-amd64 JRE (21.0.9+1-b1163.86), built on 2025-12-02 by "builduser" with MS VC++ 16.10 / 16.11 (VS2019)

END.
